Detecting C [-std=c11] compiler features failed to compile with the following output:
Change Dir: /Users/wangqing/Desktop/C:C++/Demo/cmake-build-debug/CMakeFiles/CMakeTmp

Run Build Command(s):/usr/bin/make cmTC_065e5/fast 
/Library/Developer/CommandLineTools/usr/bin/make -f CMakeFiles/cmTC_065e5.dir/build.make CMakeFiles/cmTC_065e5.dir/build
CMakeFiles/cmTC_065e5.dir/build.make:64: *** target pattern contains no `%'.  Stop.
make: *** [cmTC_065e5/fast] Error 2



Detecting CXX [-std=c++2a] compiler features failed to compile with the following output:
Change Dir: /Users/wangqing/Desktop/C:C++/Demo/cmake-build-debug/CMakeFiles/CMakeTmp

Run Build Command(s):/usr/bin/make cmTC_b7e40/fast 
/Library/Developer/CommandLineTools/usr/bin/make -f CMakeFiles/cmTC_b7e40.dir/build.make CMakeFiles/cmTC_b7e40.dir/build
CMakeFiles/cmTC_b7e40.dir/build.make:64: *** target pattern contains no `%'.  Stop.
make: *** [cmTC_b7e40/fast] Error 2



